  [1m[35m (0.2ms)[0m  [1m[34mSELECT sqlite_version(*)[0m
  ↳ bin/rails:9
  [1m[35m (8.6ms)[0m  [1m[35mCREATE TABLE "schema_migrations" ("version" varchar NOT NULL PRIMARY KEY)[0m
  ↳ bin/rails:9
  [1m[35m (8.5ms)[0m  [1m[35mCREATE TABLE "ar_internal_metadata" ("key" varchar NOT NULL PRIMARY KEY, "value" varchar, "created_at" datetime NOT NULL, "updated_at" datetime NOT NULL)[0m
  ↳ bin/rails:9
  [1m[35m (0.7ms)[0m  [1m[34mSELECT "schema_migrations"."version" FROM "schema_migrations" ORDER BY "schema_migrations"."version" ASC[0m
  ↳ bin/rails:9
Migrating to CreateTasks (20201007010053)
  [1m[35m (0.0ms)[0m  [1m[36mbegin transaction[0m
  ↳ bin/rails:9
  [1m[35m (0.4ms)[0m  [1m[35mCREATE TABLE "tasks" ("id" integer PRIMARY KEY AUTOINCREMENT NOT NULL, "title" varchar, "done" boolean, "created_at" datetime NOT NULL, "updated_at" datetime NOT NULL)[0m
  ↳ db/migrate/20201007010053_create_tasks.rb:3
  [1m[36mActiveRecord::SchemaMigration Create (0.2ms)[0m  [1m[32mINSERT INTO "schema_migrations" ("version") VALUES (?)[0m  [["version", "20201007010053"]]
  ↳ bin/rails:9
  [1m[35m (8.7ms)[0m  [1m[36mcommit transaction[0m
  ↳ bin/rails:9
  [1m[36mActiveRecord::InternalMetadata Load (0.2ms)[0m  [1m[34mSELECT  "ar_internal_metadata".* FROM "ar_internal_metadata" WHERE "ar_internal_metadata"."key" = ? LIMIT ?[0m  [["key", "environment"], ["LIMIT", 1]]
  ↳ bin/rails:9
  [1m[35m (0.1ms)[0m  [1m[36mbegin transaction[0m
  ↳ bin/rails:9
  [1m[36mActiveRecord::InternalMetadata Create (0.3ms)[0m  [1m[32mINSERT INTO "ar_internal_metadata" ("key", "value", "created_at", "updated_at") VALUES (?, ?, ?, ?)[0m  [["key", "environment"], ["value", "development"], ["created_at", "2020-10-07 01:02:30.747306"], ["updated_at", "2020-10-07 01:02:30.747306"]]
  ↳ bin/rails:9
  [1m[35m (7.0ms)[0m  [1m[36mcommit transaction[0m
  ↳ bin/rails:9
  [1m[35m (0.1ms)[0m  [1m[34mSELECT "schema_migrations"."version" FROM "schema_migrations" ORDER BY "schema_migrations"."version" ASC[0m
  ↳ bin/rails:9
  [1m[35m (0.1ms)[0m  [1m[34mSELECT "schema_migrations"."version" FROM "schema_migrations" ORDER BY "schema_migrations"."version" ASC[0m
  ↳ /home/matias/.rvm/gems/ruby-2.5.1/bin/rake:23
  [1m[35m (0.1ms)[0m  [1m[36mbegin transaction[0m
  ↳ db/seeds.rb:1
  [1m[36mTask Create (0.3ms)[0m  [1m[32mINSERT INTO "tasks" ("title", "done", "created_at", "updated_at") VALUES (?, ?, ?, ?)[0m  [["title", "Ler os artigo do OneBitCode sobre React"], ["done", 0], ["created_at", "2020-10-07 01:14:25.138632"], ["updated_at", "2020-10-07 01:14:25.138632"]]
  ↳ db/seeds.rb:1
  [1m[35m (6.8ms)[0m  [1m[36mcommit transaction[0m
  ↳ db/seeds.rb:1
  [1m[35m (0.1ms)[0m  [1m[36mbegin transaction[0m
  ↳ db/seeds.rb:2
  [1m[36mTask Create (0.2ms)[0m  [1m[32mINSERT INTO "tasks" ("title", "done", "created_at", "updated_at") VALUES (?, ?, ?, ?)[0m  [["title", "Participar da Semana Super Full Stack (29/04 - 05/05)"], ["done", 0], ["created_at", "2020-10-07 01:14:25.148159"], ["updated_at", "2020-10-07 01:14:25.148159"]]
  ↳ db/seeds.rb:2
  [1m[35m (6.5ms)[0m  [1m[36mcommit transaction[0m
  ↳ db/seeds.rb:2
  [1m[35m (0.1ms)[0m  [1m[36mbegin transaction[0m
  ↳ db/seeds.rb:3
  [1m[36mTask Create (0.3ms)[0m  [1m[32mINSERT INTO "tasks" ("title", "done", "created_at", "updated_at") VALUES (?, ?, ?, ?)[0m  [["title", "Se inscrever na newsletter para receber vagas"], ["done", 0], ["created_at", "2020-10-07 01:14:25.157472"], ["updated_at", "2020-10-07 01:14:25.157472"]]
  ↳ db/seeds.rb:3
  [1m[35m (6.8ms)[0m  [1m[36mcommit transaction[0m
  ↳ db/seeds.rb:3
  [1m[35m (0.1ms)[0m  [1m[36mbegin transaction[0m
  ↳ db/seeds.rb:4
  [1m[36mTask Create (0.4ms)[0m  [1m[32mINSERT INTO "tasks" ("title", "done", "created_at", "updated_at") VALUES (?, ?, ?, ?)[0m  [["title", "Curtir a página do OneBitCode no Facebook"], ["done", 0], ["created_at", "2020-10-07 01:14:25.168008"], ["updated_at", "2020-10-07 01:14:25.168008"]]
  ↳ db/seeds.rb:4
  [1m[35m (7.0ms)[0m  [1m[36mcommit transaction[0m
  ↳ db/seeds.rb:4
  [1m[35m (0.1ms)[0m  [1m[36mbegin transaction[0m
  ↳ db/seeds.rb:5
  [1m[36mTask Create (0.5ms)[0m  [1m[32mINSERT INTO "tasks" ("title", "done", "created_at", "updated_at") VALUES (?, ?, ?, ?)[0m  [["title", "Se inscrever no canal do Youtube do OneBitCode"], ["done", 0], ["created_at", "2020-10-07 01:14:25.179176"], ["updated_at", "2020-10-07 01:14:25.179176"]]
  ↳ db/seeds.rb:5
  [1m[35m (7.2ms)[0m  [1m[36mcommit transaction[0m
  ↳ db/seeds.rb:5
  [1m[35m (0.1ms)[0m  [1m[36mbegin transaction[0m
  ↳ db/seeds.rb:6
  [1m[36mTask Create (0.5ms)[0m  [1m[32mINSERT INTO "tasks" ("title", "done", "created_at", "updated_at") VALUES (?, ?, ?, ?)[0m  [["title", "Finalizar esse Artigo para melhorar minhas habilidades"], ["done", 0], ["created_at", "2020-10-07 01:14:25.190853"], ["updated_at", "2020-10-07 01:14:25.190853"]]
  ↳ db/seeds.rb:6
  [1m[35m (7.1ms)[0m  [1m[36mcommit transaction[0m
  ↳ db/seeds.rb:6
  [1m[35m (0.1ms)[0m  [1m[36mbegin transaction[0m
  ↳ db/seeds.rb:7
  [1m[36mTask Create (0.4ms)[0m  [1m[32mINSERT INTO "tasks" ("title", "done", "created_at", "updated_at") VALUES (?, ?, ?, ?)[0m  [["title", "Estudar Ruby On Rails"], ["done", 1], ["created_at", "2020-10-07 01:14:25.202877"], ["updated_at", "2020-10-07 01:14:25.202877"]]
  ↳ db/seeds.rb:7
  [1m[35m (7.3ms)[0m  [1m[36mcommit transaction[0m
  ↳ db/seeds.rb:7
  [1m[35m (0.1ms)[0m  [1m[36mbegin transaction[0m
  ↳ db/seeds.rb:8
  [1m[36mTask Create (0.5ms)[0m  [1m[32mINSERT INTO "tasks" ("title", "done", "created_at", "updated_at") VALUES (?, ?, ?, ?)[0m  [["title", "Estudar React"], ["done", 1], ["created_at", "2020-10-07 01:14:25.214872"], ["updated_at", "2020-10-07 01:14:25.214872"]]
  ↳ db/seeds.rb:8
  [1m[35m (7.2ms)[0m  [1m[36mcommit transaction[0m
  ↳ db/seeds.rb:8
Started GET "/" for ::1 at 2020-10-06 22:16:25 -0300
  [1m[35m (0.2ms)[0m  [1m[34mSELECT "schema_migrations"."version" FROM "schema_migrations" ORDER BY "schema_migrations"."version" ASC[0m
  ↳ /home/matias/.rvm/gems/ruby-2.5.1/gems/activerecord-5.2.4.4/lib/active_record/log_subscriber.rb:98
Processing by Rails::WelcomeController#index as HTML
  Rendering /home/matias/.rvm/gems/ruby-2.5.1/gems/railties-5.2.4.4/lib/rails/templates/rails/welcome/index.html.erb
  Rendered /home/matias/.rvm/gems/ruby-2.5.1/gems/railties-5.2.4.4/lib/rails/templates/rails/welcome/index.html.erb (2.0ms)
Completed 200 OK in 5ms (Views: 4.2ms | ActiveRecord: 0.0ms)


Started GET "/favicon.ico" for ::1 at 2020-10-06 22:16:25 -0300
  
ActionController::RoutingError (No route matches [GET] "/favicon.ico"):
  
actionpack (5.2.4.4) lib/action_dispatch/middleware/debug_exceptions.rb:65:in `call'
actionpack (5.2.4.4) lib/action_dispatch/middleware/show_exceptions.rb:33:in `call'
railties (5.2.4.4) lib/rails/rack/logger.rb:38:in `call_app'
railties (5.2.4.4) lib/rails/rack/logger.rb:26:in `block in call'
activesupport (5.2.4.4) lib/active_support/tagged_logging.rb:71:in `block in tagged'
activesupport (5.2.4.4) lib/active_support/tagged_logging.rb:28:in `tagged'
activesupport (5.2.4.4) lib/active_support/tagged_logging.rb:71:in `tagged'
railties (5.2.4.4) lib/rails/rack/logger.rb:26:in `call'
actionpack (5.2.4.4) lib/action_dispatch/middleware/remote_ip.rb:81:in `call'
actionpack (5.2.4.4) lib/action_dispatch/middleware/request_id.rb:27:in `call'
rack (2.2.3) lib/rack/runtime.rb:22:in `call'
activesupport (5.2.4.4) lib/active_support/cache/strategy/local_cache_middleware.rb:29:in `call'
actionpack (5.2.4.4) lib/action_dispatch/middleware/executor.rb:14:in `call'
actionpack (5.2.4.4) lib/action_dispatch/middleware/static.rb:127:in `call'
rack (2.2.3) lib/rack/sendfile.rb:110:in `call'
rack-cors (1.1.1) lib/rack/cors.rb:100:in `call'
railties (5.2.4.4) lib/rails/engine.rb:524:in `call'
puma (3.12.6) lib/puma/configuration.rb:227:in `call'
puma (3.12.6) lib/puma/server.rb:706:in `handle_request'
puma (3.12.6) lib/puma/server.rb:476:in `process_client'
puma (3.12.6) lib/puma/server.rb:334:in `block in run'
puma (3.12.6) lib/puma/thread_pool.rb:135:in `block in spawn_thread'
